<?xml version="1.0" encoding="UTF-8"?>
<!-- Generated by org.testng.reporters.JUnitReportReporter -->
<testsuite skipped="0" hostname="LIN59017991" name="com.orangeHRM.testCases.HomePageTest" tests="2" failures="0" timestamp="10 Dec 2021 10:33:55 GMT" time="25.152" errors="0">
  <testcase name="loginTest" time="10.529" classname="com.orangeHRM.testCases.HomePageTest"/>
  <testcase name="clickOnUsersLinkTest" time="14.623" classname="com.orangeHRM.testCases.HomePageTest"/>
</testsuite> <!-- com.orangeHRM.testCases.HomePageTest -->
