<?xml version="1.0" encoding="UTF-8"?>
<!-- Generated by org.testng.reporters.JUnitReportReporter -->
<testsuite skipped="0" hostname="LIN59017991" name="com.orangeHRM.testCases.LoginPageTestDDT" tests="5" failures="0" timestamp="13 Dec 2021 10:46:36 GMT" time="38.813" errors="0">
  <testcase name="loginTest" time="8.472" classname="com.orangeHRM.testCases.LoginPageTestDDT"/>
  <testcase name="loginTest" time="7.779" classname="com.orangeHRM.testCases.LoginPageTestDDT"/>
  <testcase name="loginTest" time="11.217" classname="com.orangeHRM.testCases.LoginPageTestDDT"/>
  <testcase name="validateorangeHRMLogoTest" time="5.826" classname="com.orangeHRM.testCases.LoginPageTestDDT"/>
  <testcase name="validateLoginPageTitleTest" time="5.519" classname="com.orangeHRM.testCases.LoginPageTestDDT"/>
</testsuite> <!-- com.orangeHRM.testCases.LoginPageTestDDT -->
