<?xml version="1.0" encoding="UTF-8"?>
<!-- Generated by org.testng.reporters.JUnitReportReporter -->
<testsuite skipped="0" hostname="LIN59017991" name="com.orangeHRM.testCases.LoginPageTest" tests="3" failures="0" timestamp="13 Dec 2021 10:54:34 GMT" time="23.139" errors="0">
  <testcase name="validateorangeHRMLogoTest" time="6.548" classname="com.orangeHRM.testCases.LoginPageTest"/>
  <testcase name="validateLoginPageTitleTest" time="5.845" classname="com.orangeHRM.testCases.LoginPageTest"/>
  <testcase name="loginTest" time="10.746" classname="com.orangeHRM.testCases.LoginPageTest"/>
</testsuite> <!-- com.orangeHRM.testCases.LoginPageTest -->
