<?xml version="1.0" encoding="UTF-8"?>
<!-- Generated by org.testng.reporters.JUnitReportReporter -->
<testsuite skipped="0" hostname="LIN59017991" name="com.orangeHRM.testCases.AddUserPageTest" tests="5" failures="0" timestamp="10 Dec 2021 12:02:41 GMT" time="66.259" errors="0">
  <testcase name="getEnabledUsersListTest" time="12.876" classname="com.orangeHRM.testCases.AddUserPageTest"/>
  <testcase name="clickOnAddBtnTest" time="12.395" classname="com.orangeHRM.testCases.AddUserPageTest"/>
  <testcase name="addUserDetailsTest" time="17.574" classname="com.orangeHRM.testCases.AddUserPageTest"/>
  <testcase name="loginTest" time="11.020" classname="com.orangeHRM.testCases.AddUserPageTest"/>
  <testcase name="clickOnUsersLinkTest" time="12.394" classname="com.orangeHRM.testCases.AddUserPageTest"/>
</testsuite> <!-- com.orangeHRM.testCases.AddUserPageTest -->
