<?xml version="1.0" encoding="UTF-8"?>
<!-- Generated by org.testng.reporters.JUnitReportReporter -->
<testsuite skipped="0" hostname="LIN59017991" name="com.orangeHRM.testCases.HomePageTest" tests="2" failures="0" timestamp="2021-12-10T18:21:39 IST" time="31.079" errors="0">
  <testcase name="loginTest" time="13.399" classname="com.orangeHRM.testCases.HomePageTest"/>
  <system-out/>
  <testcase name="clickOnUsersLinkTest" time="17.680" classname="com.orangeHRM.testCases.HomePageTest"/>
  <system-out/>
</testsuite> <!-- com.orangeHRM.testCases.HomePageTest -->
